[2025-10-18T18:44:54.254Z] undefined: de que parte de colombia son
[2025-10-18T18:44:54.256Z] undefined: todos bien bendiciones para ustedes
[2025-10-18T18:44:54.256Z] undefined: Son muy lindos
[2025-10-18T18:44:54.256Z] undefined: mis peque침os hermosos
[2025-10-18T18:44:54.256Z] undefined: ese almuerzo se ve mas bueno
[2025-10-18T18:44:54.257Z] undefined: Falto el limon
[2025-10-18T18:44:54.655Z] undefined: de que parte de colombia son
[2025-10-18T18:44:54.655Z] undefined: todos bien bendiciones para ustedes
[2025-10-18T18:44:54.656Z] undefined: Son muy lindos
[2025-10-18T18:44:54.656Z] undefined: mis peque침os hermosos
[2025-10-18T18:44:54.656Z] undefined: ese almuerzo se ve mas bueno
[2025-10-18T18:44:54.656Z] undefined: Falto el limon
[2025-10-18T18:44:56.039Z] undefined: que lindos
[2025-10-18T18:44:56.888Z] undefined: Hola saludos desde chile 游뻟릖 bendiciones
[2025-10-18T18:44:57.690Z] undefined: hola linda pareja
[2025-10-18T18:44:58.554Z] undefined: Las ojass del romero
[2025-10-18T18:45:01.794Z] undefined: de que parte de colombia son
[2025-10-18T18:45:02.652Z] undefined: feliz almuerzo mis amores
[2025-10-18T18:45:04.997Z] undefined: hola cuanto mides ?
[2025-10-18T18:45:06.699Z] undefined: nacional tu pap치
[2025-10-18T18:45:09.902Z] undefined: Escarlata 游봃
[2025-10-18T18:45:09.903Z] undefined: a que hora tiran pasion
[2025-10-18T18:45:10.703Z] undefined: Un peque침o almuerzo
[2025-10-18T18:45:12.404Z] undefined: de que parte de colombia son
[2025-10-18T18:45:13.252Z] undefined: Q hora es alla
[2025-10-18T18:45:14.053Z] undefined: oigan pueden decir m칤 nombre me llamo joxeainys
[2025-10-18T18:45:18.264Z] undefined: hola
[2025-10-18T18:45:19.018Z] undefined: muy lindos Dios los bendiga 游땘
[2025-10-18T18:45:20.611Z] undefined: de que parte de colombia son
